#
# There is insufficient memory for the Java Runtime Environment to continue.
# Native memory allocation (mmap) failed to map 62914560 bytes for G1 virtual space
# Possible reasons:
#   The system is out of physical RAM or swap space
#   The process is running with CompressedOops enabled, and the Java Heap may be blocking the growth of the native heap
# Possible solutions:
#   Reduce memory load on the system
#   Increase physical memory or swap space
#   Check if swap backing store is full
#   Decrease Java heap size (-Xmx/-Xms)
#   Decrease number of Java threads
#   Decrease Java thread stack sizes (-Xss)
#   Set larger code cache with -XX:ReservedCodeCacheSize=
#   JVM is running with Unscaled Compressed Oops mode in which the Java heap is
#     placed in the first 4GB address space. The Java Heap base address is the
#     maximum limit for the native heap growth. Please use -XX:HeapBaseMinAddress
#     to set the Java Heap base and to place the Java Heap above 4GB virtual address.
# This output file may be truncated or incomplete.
#
#  Out of Memory Error (./open/src/hotspot/os/windows/os_windows.cpp:3472), pid=13864, tid=12480
#
# JRE version:  (15.0.1+9) (build )
# Java VM: Java HotSpot(TM) 64-Bit Server VM (15.0.1+9-18, mixed mode, sharing, tiered, compressed oops, g1 gc, windows-amd64)
# No core dump will be written. Minidumps are not enabled by default on client versions of Windows
#

---------------  S U M M A R Y ------------

Command Line: -Dfile.encoding=UTF-8 --module-path=D:\Projects\save-my-money\build\classes savemymoney.SaveMyMoney

Host: Intel(R) Core(TM) i3-1005G1 CPU @ 1.20GHz, 4 cores, 3G,  Windows 10 , 64 bit Build 19041 (10.0.19041.804)
Time: Sun May  9 11:29:09 2021 SE Asia Standard Time elapsed time: 0.024411 seconds (0d 0h 0m 0s)

---------------  T H R E A D  ---------------

Current thread (0x00000197796ed3a0):  JavaThread "Unknown thread" [_thread_in_vm, id=12480, stack(0x0000008c0e600000,0x0000008c0e700000)]

Stack: [0x0000008c0e600000,0x0000008c0e700000]
Native frames: (J=compiled Java code, j=interpreted, Vv=VM code, C=native code)
V  [jvm.dll+0x62ae9a]
V  [jvm.dll+0x781389]
V  [jvm.dll+0x782ae3]
V  [jvm.dll+0x783143]
V  [jvm.dll+0x216265]
V  [jvm.dll+0x6281d9]
V  [jvm.dll+0x61cd15]
V  [jvm.dll+0x2d01fd]
V  [jvm.dll+0x2d0062]
V  [jvm.dll+0x2d603c]
V  [jvm.dll+0x325b2a]
V  [jvm.dll+0x3251f4]
V  [jvm.dll+0x2a717a]
V  [jvm.dll+0x2a8318]
V  [jvm.dll+0x75e101]
V  [jvm.dll+0x3343e4]
V  [jvm.dll+0x73e826]
V  [jvm.dll+0x3b7777]
V  [jvm.dll+0x3b9201]
C  [jli.dll+0x52fb]
C  [ucrtbase.dll+0x21bb2]
C  [KERNEL32.DLL+0x17034]
C  [ntdll.dll+0x52651]


---------------  P R O C E S S  ---------------

Threads class SMR info:
_java_thread_list=0x00007ffbf1ff4ff0, length=0, elements={
}

Java Threads: ( => current thread )

Other Threads:
  0x000001977971de00 GCTaskThread "GC Thread#0" [stack: 0x0000008c0e700000,0x0000008c0e800000] [id=12752]
  0x0000019779726750 ConcurrentGCThread "G1 Main Marker" [stack: 0x0000008c0e800000,0x0000008c0e900000] [id=12772]
  0x0000019779727340 ConcurrentGCThread "G1 Conc#0" [stack: 0x0000008c0e900000,0x0000008c0ea00000] [id=9548]

[error occurred during error reporting (printing all threads), id 0xc0000005, EXCEPTION_ACCESS_VIOLATION (0xc0000005) at pc=0x00007ffbf17e8047]

VM state: not at safepoint (not fully initialized)

VM Mutex/Monitor currently owned by a thread:  ([mutex/lock_event])
[0x00000197796ea8a0] Heap_lock - owner thread: 0x00000197796ed3a0

Heap address: 0x00000000c4000000, size: 960 MB, Compressed Oops mode: 32-bit
CDS archive(s) mapped at: [0x0000000000000000-0x0000000000000000-0x0000000000000000), size 0, SharedBaseAddress: 0x0000000800000000, ArchiveRelocationMode: 0.
Narrow klass base: 0x0000000000000000, Narrow klass shift: 0, Narrow klass range: 0x0

Heap:
 garbage-first heap   total 61440K, used 0K [0x00000000c4000000, 0x0000000100000000)
  region size 1024K, 0 young (0K), 0 survivors (0K)
 Metaspace       used 0K, capacity 0K, committed 0K, reserved 0K
  class space    used 0K, capacity 0K, committed 0K, reserved 0K

Heap Regions: E=young(eden), S=young(survivor), O=old, HS=humongous(starts), HC=humongous(continues), CS=collection set, F=free, OA=open archive, CA=closed archive, TAMS=top-at-mark-start (previous, next)

Card table byte_map: [0x00000197797d0000,0x00000197799b0000] _byte_map_base: 0x00000197791b0000

Marking Bits (Prev, Next): (CMBitMap*) 0x000001977971e5f0, (CMBitMap*) 0x000001977971e630
 Prev Bits: [0x0000019779b90000, 0x000001977aa90000)
 Next Bits: [0x000001977aa90000, 0x000001977b990000)

GC Heap History (0 events):
No events

Deoptimization events (0 events):
No events

Classes unloaded (0 events):
No events

Classes redefined (0 events):
No events

Internal exceptions (0 events):
No events

Events (1 events):
Event: 0.016 Loaded shared library C:\Program Files\Java\jdk-15.0.1\bin\java.dll


Dynamic libraries:
0x00007ff74f9a0000 - 0x00007ff74f9af000 	C:\Program Files\Java\jdk-15.0.1\bin\java.exe
0x00007ffc5d290000 - 0x00007ffc5d485000 	C:\Windows\SYSTEM32\ntdll.dll
0x00007ffc5b450000 - 0x00007ffc5b50d000 	C:\Windows\System32\KERNEL32.DLL
0x00007ffc5ab60000 - 0x00007ffc5ae29000 	C:\Windows\System32\KERNELBASE.dll
0x00007ffc5b1f0000 - 0x00007ffc5b2f0000 	C:\Windows\System32\ucrtbase.dll
0x00007ffc56050000 - 0x00007ffc56069000 	C:\Program Files\Java\jdk-15.0.1\bin\VCRUNTIME140.dll
0x00007ffc51070000 - 0x00007ffc51088000 	C:\Program Files\Java\jdk-15.0.1\bin\jli.dll
0x00007ffc5cb70000 - 0x00007ffc5cc1c000 	C:\Windows\System32\ADVAPI32.dll
0x00007ffc5c490000 - 0x00007ffc5c52e000 	C:\Windows\System32\msvcrt.dll
0x00007ffc5cd40000 - 0x00007ffc5cddc000 	C:\Windows\System32\sechost.dll
0x00007ffc5b2f0000 - 0x00007ffc5b41b000 	C:\Windows\System32\RPCRT4.dll
0x00007ffc5c6f0000 - 0x00007ffc5c890000 	C:\Windows\System32\USER32.dll
0x00007ffc5b1c0000 - 0x00007ffc5b1e2000 	C:\Windows\System32\win32u.dll
0x00007ffc5b420000 - 0x00007ffc5b44a000 	C:\Windows\System32\GDI32.dll
0x00007ffc5af30000 - 0x00007ffc5b03b000 	C:\Windows\System32\gdi32full.dll
0x00007ffc5b0a0000 - 0x00007ffc5b13d000 	C:\Windows\System32\msvcp_win.dll
0x00007ffc400c0000 - 0x00007ffc4035a000 	C:\Windows\WinSxS\amd64_microsoft.windows.common-controls_6595b64144ccf1df_6.0.19041.844_none_ca00b6081b84eb1d\COMCTL32.dll
0x00007ffc53bb0000 - 0x00007ffc53bba000 	C:\Windows\SYSTEM32\VERSION.dll
0x00007ffc5c530000 - 0x00007ffc5c560000 	C:\Windows\System32\IMM32.DLL
0x00007ffc56070000 - 0x00007ffc5607c000 	C:\Program Files\Java\jdk-15.0.1\bin\vcruntime140_1.dll
0x00007ffc289d0000 - 0x00007ffc28a61000 	C:\Program Files\Java\jdk-15.0.1\bin\msvcp140.dll
0x00007ffbf1530000 - 0x00007ffbf208e000 	C:\Program Files\Java\jdk-15.0.1\bin\server\jvm.dll
0x00007ffc5c560000 - 0x00007ffc5c568000 	C:\Windows\System32\PSAPI.DLL
0x00007ffc560d0000 - 0x00007ffc560d9000 	C:\Windows\SYSTEM32\WSOCK32.dll
0x00007ffc5c570000 - 0x00007ffc5c5db000 	C:\Windows\System32\WS2_32.dll
0x00007ffc50a40000 - 0x00007ffc50a67000 	C:\Windows\SYSTEM32\WINMM.dll
0x00007ffc592b0000 - 0x00007ffc592c2000 	C:\Windows\SYSTEM32\kernel.appcore.dll
0x00007ffc56040000 - 0x00007ffc5604a000 	C:\Program Files\Java\jdk-15.0.1\bin\jimage.dll
0x00007ffc58830000 - 0x00007ffc58a14000 	C:\Windows\SYSTEM32\DBGHELP.DLL
0x00007ffc48c10000 - 0x00007ffc48c3c000 	C:\Windows\SYSTEM32\dbgcore.DLL
0x00007ffc5b140000 - 0x00007ffc5b1c0000 	C:\Windows\System32\bcryptPrimitives.dll
0x00007ffc35130000 - 0x00007ffc35155000 	C:\Program Files\Java\jdk-15.0.1\bin\java.dll

dbghelp: loaded successfully - version: 4.0.5 - missing functions: none
symbol engine: initialized successfully - sym options: 0x614 - pdb path: .;C:\Program Files\Java\jdk-15.0.1\bin;C:\Windows\SYSTEM32;C:\Windows\WinSxS\amd64_microsoft.windows.common-controls_6595b64144ccf1df_6.0.19041.844_none_ca00b6081b84eb1d;C:\Program Files\Java\jdk-15.0.1\bin\server

VM Arguments:
jvm_args: -Dfile.encoding=UTF-8 --module-path=D:\Projects\save-my-money\build\classes 
java_command: savemymoney.SaveMyMoney
java_class_path (initial): D:\Learn\java\save-my-money\jar\sqlite-jdbc-3.20.1.jar;D:\Learn\java\save-my-money\jar\swing-layout-1.0.2.jar;D:\Projects\save-my-money\build\classes
Launcher Type: SUN_STANDARD

[Global flags]
     intx CICompilerCount                          = 3                                         {product} {ergonomic}
     uint ConcGCThreads                            = 1                                         {product} {ergonomic}
     uint G1ConcRefinementThreads                  = 4                                         {product} {ergonomic}
   size_t G1HeapRegionSize                         = 1048576                                   {product} {ergonomic}
    uintx GCDrainStackTargetSize                   = 64                                        {product} {ergonomic}
   size_t InitialHeapSize                          = 62914560                                  {product} {ergonomic}
   size_t MarkStackSize                            = 4194304                                   {product} {ergonomic}
   size_t MaxHeapSize                              = 1006632960                                {product} {ergonomic}
   size_t MinHeapDeltaBytes                        = 1048576                                   {product} {ergonomic}
   size_t MinHeapSize                              = 8388608                                   {product} {ergonomic}
    uintx NonNMethodCodeHeapSize                   = 5832780                                {pd product} {ergonomic}
    uintx NonProfiledCodeHeapSize                  = 122912730                              {pd product} {ergonomic}
    uintx ProfiledCodeHeapSize                     = 122912730                              {pd product} {ergonomic}
    uintx ReservedCodeCacheSize                    = 251658240                              {pd product} {ergonomic}
     bool SegmentedCodeCache                       = true                                      {product} {ergonomic}
   size_t SoftMaxHeapSize                          = 1006632960                             {manageable} {ergonomic}
     bool UseCompressedClassPointers               = true                                 {lp64_product} {ergonomic}
     bool UseCompressedOops                        = true                                 {lp64_product} {ergonomic}
     bool UseG1GC                                  = true                                      {product} {ergonomic}
     bool UseLargePagesIndividualAllocation        = false                                  {pd product} {ergonomic}

Logging:
Log output configuration:
 #0: stdout all=warning uptime,level,tags
 #1: stderr all=off uptime,level,tags

Environment Variables:
PATH=C:\Program Files\Common Files\Oracle\Java\javapath;C:\Windows\system32;C:\Windows;C:\Windows\System32\Wbem;C:\Windows\System32\WindowsPowerShell\v1.0\;C:\Windows\System32\OpenSSH\;C:\Program Files\nodejs\;C:\Program Files\Git\cmd;C:\Program Files\Microsoft VS Code\bin;C:\ProgramData\ComposerSetup\bin;C:\Program Files\Java\jdk-15.0.1\bin;C:\Users\pengg\AppData\Local\Microsoft\WindowsApps;C:\Users\pengg\AppData\Roaming\npm;C:\Users\pengg\AppData\Local\Programs\Microsoft VS Code\bin;C:\xampp\php;C:\Users\pengg\composer;C:\Users\pengg\AppData\Roaming\Composer\vendor\bin;C:\Program Files\JetBrains\PhpStorm 2021.1.1\bin;;C:\Program Files\heroku\bin
USERNAME=pengg
OS=Windows_NT
PROCESSOR_IDENTIFIER=Intel64 Family 6 Model 126 Stepping 5, GenuineIntel



---------------  S Y S T E M  ---------------

OS:
 Windows 10 , 64 bit Build 19041 (10.0.19041.804)
OS uptime: 3 days 19:11 hours

CPU: total 4 (initial active 4) (2 cores per cpu, 2 threads per core) family 6 model 126 stepping 5 microcode 0x78, cmov, cx8, fxsr, mmx, sse, sse2, sse3, ssse3, sse4.1, sse4.2, popcnt, vzeroupper, avx, avx2, aes, clmul, erms, 3dnowpref, lzcnt, ht, tsc, tscinvbit, bmi1, bmi2, adx, avx512f, avx512dq, avx512cd, avx512bw, avx512vl, avx512_vpopcntdq, avx512_vpclmulqdq, avx512_vbmi, avx512_vbmi2, avx512_vaes, avx512_vnni, sha, fma, clflush, clflushopt

Memory: 4k page, system-wide physical 3838M (247M free)
TotalPageFile size 15614M (AvailPageFile size 54M)
current process WorkingSet (physical memory assigned to process): 9M, peak: 9M
current process commit charge ("private bytes"): 51M, peak: 111M

vm_info: Java HotSpot(TM) 64-Bit Server VM (15.0.1+9-18) for windows-amd64 JRE (15.0.1+9-18), built on Sep 15 2020 14:43:54 by "mach5one" with unknown MS VC++:1925

END.
